<?xml version="1.0" encoding="UTF-8"?>
<!-- Generated by org.testng.reporters.JUnitReportReporter -->
<testsuite skipped="0" hostname="DESKTOP-F3JJBQB" name="com.WeightWatchers.qa.testcases.HomePageTest" tests="2" failures="0" timestamp="23 Aug 2018 23:49:41 GMT" time="31.198" errors="0">
  <testcase name="homePageTitleTest" time="10.436" classname="com.WeightWatchers.qa.testcases.HomePageTest"/>
  <testcase name="findMeetingLinkTest" time="20.762" classname="com.WeightWatchers.qa.testcases.HomePageTest"/>
</testsuite> <!-- com.WeightWatchers.qa.testcases.HomePageTest -->
