<?xml version="1.0" encoding="UTF-8"?>
<!-- Generated by org.testng.reporters.JUnitReportReporter -->
<testsuite skipped="0" hostname="DESKTOP-F3JJBQB" name="com.WeightWatchers.qa.testcases.LocationDetailsPageTest" tests="1" failures="0" timestamp="24 Aug 2018 16:27:24 GMT" time="16.604" errors="0">
  <testcase name="verifyTextAfterClick" time="16.604" classname="com.WeightWatchers.qa.testcases.LocationDetailsPageTest"/>
</testsuite> <!-- com.WeightWatchers.qa.testcases.LocationDetailsPageTest -->
