<?xml version="1.0" encoding="UTF-8"?>
<!-- Generated by org.testng.reporters.JUnitReportReporter -->
<testsuite skipped="0" hostname="DESKTOP-F3JJBQB" name="com.WeightWatchers.qa.testcases.HomePageTest" tests="2" failures="0" timestamp="24 Aug 2018 16:26:19 GMT" time="34.135" errors="0">
  <testcase name="homePageTitleTest" time="17.238" classname="com.WeightWatchers.qa.testcases.HomePageTest"/>
  <testcase name="findMeetingLinkTest" time="16.897" classname="com.WeightWatchers.qa.testcases.HomePageTest"/>
</testsuite> <!-- com.WeightWatchers.qa.testcases.HomePageTest -->
