<?xml version="1.0" encoding="UTF-8"?>
<!-- Generated by org.testng.reporters.JUnitReportReporter -->
<testsuite skipped="0" hostname="DESKTOP-F3JJBQB" name="com.WeightWatchers.qa.testcases.FindMeetingPageTest" tests="2" failures="0" timestamp="24 Aug 2018 00:44:12 GMT" time="40.178" errors="0">
  <testcase name="verifyMeeting" time="14.492" classname="com.WeightWatchers.qa.testcases.FindMeetingPageTest"/>
  <testcase name="searchTest" time="25.686" classname="com.WeightWatchers.qa.testcases.FindMeetingPageTest"/>
</testsuite> <!-- com.WeightWatchers.qa.testcases.FindMeetingPageTest -->
